0 info it worked if it ends with ok
1 verbose cli [ 'node', '/usr/local/bin/npm', 'install', 'mongoskin', '-g' ]
2 info using npm@1.4.28
3 info using node@v0.10.32
4 verbose cache add [ 'mongoskin', null ]
5 verbose cache add name=undefined spec="mongoskin" args=["mongoskin",null]
6 verbose parsed url { protocol: null,
6 verbose parsed url   slashes: null,
6 verbose parsed url   auth: null,
6 verbose parsed url   host: null,
6 verbose parsed url   port: null,
6 verbose parsed url   hostname: null,
6 verbose parsed url   hash: null,
6 verbose parsed url   search: null,
6 verbose parsed url   query: null,
6 verbose parsed url   pathname: 'mongoskin',
6 verbose parsed url   path: 'mongoskin',
6 verbose parsed url   href: 'mongoskin' }
7 silly lockFile 48c9bc44-mongoskin mongoskin
8 verbose lock mongoskin /Users/tkelso/.npm/48c9bc44-mongoskin.lock
9 silly lockFile 48c9bc44-mongoskin mongoskin
10 silly lockFile 48c9bc44-mongoskin mongoskin
11 verbose addNamed [ 'mongoskin', '' ]
12 verbose addNamed [ null, '*' ]
13 silly lockFile 67823afd-mongoskin mongoskin@
14 verbose lock mongoskin@ /Users/tkelso/.npm/67823afd-mongoskin.lock
15 silly addNameRange { name: 'mongoskin', range: '*', hasData: false }
16 verbose request where is /mongoskin
17 verbose request registry https://registry.npmjs.org/
18 verbose request id dfcf5502ae3c6872
19 verbose url raw /mongoskin
20 verbose url resolving [ 'https://registry.npmjs.org/', './mongoskin' ]
21 verbose url resolved https://registry.npmjs.org/mongoskin
22 verbose request where is https://registry.npmjs.org/mongoskin
23 info trying registry request attempt 1 at 08:56:36
24 verbose etag "C8OINJ0EK1S224QSBUWVO9XVQ"
25 http GET https://registry.npmjs.org/mongoskin
26 http 304 https://registry.npmjs.org/mongoskin
27 silly registry.get cb [ 304,
27 silly registry.get   { date: 'Thu, 11 Dec 2014 13:56:37 GMT',
27 silly registry.get     server: 'Apache',
27 silly registry.get     via: '1.1 varnish',
27 silly registry.get     'last-modified': 'Thu, 11 Dec 2014 13:56:37 GMT',
27 silly registry.get     'cache-control': 'max-age=60',
27 silly registry.get     etag: '"C8OINJ0EK1S224QSBUWVO9XVQ"',
27 silly registry.get     age: '0',
27 silly registry.get     'x-served-by': 'cache-iad2143-IAD',
27 silly registry.get     'x-cache': 'HIT',
27 silly registry.get     'x-cache-hits': '1',
27 silly registry.get     'x-timer': 'S1418306197.327607,VS0,VE60',
27 silly registry.get     vary: 'Accept',
27 silly registry.get     'content-length': '0',
27 silly registry.get     'keep-alive': 'timeout=10, max=50',
27 silly registry.get     connection: 'Keep-Alive' } ]
28 verbose etag https://registry.npmjs.org/mongoskin from cache
29 silly addNameRange number 2 { name: 'mongoskin', range: '*', hasData: true }
30 silly addNameRange versions [ 'mongoskin',
30 silly addNameRange   [ '0.1.0',
30 silly addNameRange     '0.1.1',
30 silly addNameRange     '0.1.2',
30 silly addNameRange     '0.1.3',
30 silly addNameRange     '0.2.0',
30 silly addNameRange     '0.2.1',
30 silly addNameRange     '0.2.2',
30 silly addNameRange     '0.2.3',
30 silly addNameRange     '0.3.0',
30 silly addNameRange     '0.3.3',
30 silly addNameRange     '0.3.4',
30 silly addNameRange     '0.3.5',
30 silly addNameRange     '0.3.6',
30 silly addNameRange     '0.3.7',
30 silly addNameRange     '0.4.0',
30 silly addNameRange     '0.4.1',
30 silly addNameRange     '0.4.2',
30 silly addNameRange     '0.4.3',
30 silly addNameRange     '0.4.4',
30 silly addNameRange     '0.5.0',
30 silly addNameRange     '0.6.0',
30 silly addNameRange     '0.6.1',
30 silly addNameRange     '1.3.20-alpha',
30 silly addNameRange     '1.3.20',
30 silly addNameRange     '1.3.21',
30 silly addNameRange     '1.3.22',
30 silly addNameRange     '1.3.23',
30 silly addNameRange     '1.4.0',
30 silly addNameRange     '1.4.1',
30 silly addNameRange     '1.4.2',
30 silly addNameRange     '1.4.3',
30 silly addNameRange     '1.4.4' ] ]
31 verbose addNamed [ 'mongoskin', '1.4.4' ]
32 verbose addNamed [ '1.4.4', '1.4.4' ]
33 silly lockFile 31ad45dc-mongoskin-1-4-4 mongoskin@1.4.4
34 verbose lock mongoskin@1.4.4 /Users/tkelso/.npm/31ad45dc-mongoskin-1-4-4.lock
35 silly lockFile 31ad45dc-mongoskin-1-4-4 mongoskin@1.4.4
36 silly lockFile 31ad45dc-mongoskin-1-4-4 mongoskin@1.4.4
37 silly lockFile 67823afd-mongoskin mongoskin@
38 silly lockFile 67823afd-mongoskin mongoskin@
39 silly resolved [ { name: 'mongoskin',
39 silly resolved     description: 'The future layer above node-mongodb-native',
39 silly resolved     version: '1.4.4',
39 silly resolved     author: { name: 'Gui Lin', email: 'guileen@gmail.com' },
39 silly resolved     homepage: 'https://github.com/kissjs/node-mongoskin',
39 silly resolved     repository:
39 silly resolved      { type: 'git',
39 silly resolved        url: 'git://github.com/kissjs/node-mongoskin.git' },
39 silly resolved     bugs: { url: 'https://github.com/kissjs/node-mongoskin/issues' },
39 silly resolved     main: './index.js',
39 silly resolved     keywords: [ 'mongodb', 'database', 'nosql' ],
39 silly resolved     engines: { node: '>= 0.4.0' },
39 silly resolved     dependencies: { mongodb: '1.4.4' },
39 silly resolved     devDependencies:
39 silly resolved      { mocha: '~1.17.1',
39 silly resolved        blanket: '~1.1.6',
39 silly resolved        coveralls: '~2.10.0',
39 silly resolved        'mocha-lcov-reporter': '0.0.1',
39 silly resolved        'travis-cov': '~0.2.5',
39 silly resolved        should: '~3.1.2' },
39 silly resolved     config: { blanket: [Object], 'travis-cov': [Object] },
39 silly resolved     scripts: { test: 'mocha -R travis-cov' },
39 silly resolved     directories: { example: './examples', lib: './lib/mongoskin' },
39 silly resolved     license: 'MIT',
39 silly resolved     contributors:
39 silly resolved      [ [Object],
39 silly resolved        [Object],
39 silly resolved        [Object],
39 silly resolved        [Object],
39 silly resolved        [Object],
39 silly resolved        [Object],
39 silly resolved        [Object],
39 silly resolved        [Object],
39 silly resolved        [Object],
39 silly resolved        [Object],
39 silly resolved        [Object],
39 silly resolved        [Object] ],
39 silly resolved     _id: 'mongoskin@1.4.4',
39 silly resolved     dist:
39 silly resolved      { shasum: 'dd1a6940c533b7cbc710b0f4bef80b36e10ce150',
39 silly resolved        tarball: 'http://registry.npmjs.org/mongoskin/-/mongoskin-1.4.4.tgz' },
39 silly resolved     _from: 'mongoskin@',
39 silly resolved     _npmVersion: '1.4.3',
39 silly resolved     _npmUser: { name: 'guileen', email: 'guileen@gmail.com' },
39 silly resolved     maintainers: [ [Object], [Object] ],
39 silly resolved     _shasum: 'dd1a6940c533b7cbc710b0f4bef80b36e10ce150',
39 silly resolved     _resolved: 'https://registry.npmjs.org/mongoskin/-/mongoskin-1.4.4.tgz',
39 silly resolved     readme: 'ERROR: No README data found!' } ]
40 info install mongoskin@1.4.4 into /usr/local/lib
41 info installOne mongoskin@1.4.4
42 verbose lib/node_modules/mongoskin unbuild
43 verbose tar unpack /Users/tkelso/.npm/mongoskin/1.4.4/package.tgz
44 silly lockFile 31e84da2-local-lib-node-modules-mongoskin tar:///usr/local/lib/node_modules/mongoskin
45 verbose lock tar:///usr/local/lib/node_modules/mongoskin /Users/tkelso/.npm/31e84da2-local-lib-node-modules-mongoskin.lock
46 silly lockFile 46607057--npm-mongoskin-1-4-4-package-tgz tar:///Users/tkelso/.npm/mongoskin/1.4.4/package.tgz
47 verbose lock tar:///Users/tkelso/.npm/mongoskin/1.4.4/package.tgz /Users/tkelso/.npm/46607057--npm-mongoskin-1-4-4-package-tgz.lock
48 silly gunzTarPerm modes [ '755', '644' ]
49 error Error: EACCES, mkdir '/usr/local/lib/node_modules/mongoskin'
49 error  { [Error: EACCES, mkdir '/usr/local/lib/node_modules/mongoskin']
49 error   errno: 3,
49 error   code: 'EACCES',
49 error   path: '/usr/local/lib/node_modules/mongoskin',
49 error   fstream_type: 'Directory',
49 error   fstream_path: '/usr/local/lib/node_modules/mongoskin',
49 error   fstream_class: 'DirWriter',
49 error   fstream_stack:
49 error    [ '/usr/local/lib/node_modules/npm/node_modules/fstream/lib/dir-writer.js:36:23',
49 error      '/usr/local/lib/node_modules/npm/node_modules/mkdirp/index.js:46:53',
49 error      'Object.oncomplete (fs.js:107:15)' ] }
50 error Please try running this command again as root/Administrator.
51 error System Darwin 14.0.0
52 error command "node" "/usr/local/bin/npm" "install" "mongoskin" "-g"
53 error cwd /Users/tkelso/Hackday/flaming-octo-batman
54 error node -v v0.10.32
55 error npm -v 1.4.28
56 error path /usr/local/lib/node_modules/mongoskin
57 error fstream_path /usr/local/lib/node_modules/mongoskin
58 error fstream_type Directory
59 error fstream_class DirWriter
60 error code EACCES
61 error errno 3
62 error stack Error: EACCES, mkdir '/usr/local/lib/node_modules/mongoskin'
63 error fstream_stack /usr/local/lib/node_modules/npm/node_modules/fstream/lib/dir-writer.js:36:23
63 error fstream_stack /usr/local/lib/node_modules/npm/node_modules/mkdirp/index.js:46:53
63 error fstream_stack Object.oncomplete (fs.js:107:15)
64 verbose exit [ 3, true ]
